{
  level: 'error',
  message: AppError: Incorrect email or password
      at exports.login (/workspaces/CSF202/UNDP-Hackathon/server/controllers/authController.js:90:25)
      at processTicksAndRejections (internal/process/task_queues.js:95:5) {
    statusCode: 401,
    status: 'fail',
    isOperational: true
  },
  label: 'winston custom format',
  timestamp: 'Aug-08-2024 16:34:11'
}
{
  level: 'error',
  message: AppError: Incorrect email or password
      at exports.login (/workspaces/CSF202/UNDP-Hackathon/server/controllers/authController.js:90:25)
      at processTicksAndRejections (internal/process/task_queues.js:95:5) {
    statusCode: 401,
    status: 'fail',
    isOperational: true
  },
  label: 'winston custom format',
  timestamp: 'Aug-08-2024 16:34:13'
}
{
  level: 'error',
  message: AppError: Incorrect email or password
      at exports.login (/workspaces/CSF202/UNDP-Hackathon/server/controllers/authController.js:90:25)
      at processTicksAndRejections (internal/process/task_queues.js:95:5) {
    statusCode: 401,
    status: 'fail',
    isOperational: true
  },
  label: 'winston custom format',
  timestamp: 'Aug-08-2024 16:34:13'
}
{
  level: 'error',
  message: AppError: Incorrect email or password
      at exports.login (/workspaces/CSF202/legal_aid_center/controllers/authController.js:90:25)
      at processTicksAndRejections (internal/process/task_queues.js:95:5) {
    statusCode: 401,
    status: 'fail',
    isOperational: true
  },
  label: 'Legal Aid Center Website',
  timestamp: 'Aug-09-2024 10:36:11'
}
{
  level: 'error',
  message: AppError: Incorrect email or password
      at exports.login (/workspaces/CSF202/legal_aid_center/controllers/authController.js:90:25)
      at processTicksAndRejections (internal/process/task_queues.js:95:5) {
    statusCode: 401,
    status: 'fail',
    isOperational: true
  },
  label: 'Legal Aid Center Website',
  timestamp: 'Aug-09-2024 10:38:09'
}
{
  level: 'error',
  message: Error: Unexpected end of form
      at Multipart._final (/workspaces/CSF202/legal_aid_center/node_modules/busboy/lib/types/multipart.js:588:17)
      at callFinal (internal/streams/writable.js:610:10)
      at processTicksAndRejections (internal/process/task_queues.js:82:21) {
    storageErrors: []
  },
  label: 'Legal Aid Center Website',
  timestamp: 'Aug-09-2024 13:20:51'
}
{
  level: 'error',
  message: Error: Unexpected end of form
      at Multipart._final (/workspaces/CSF202/legal_aid_center/node_modules/busboy/lib/types/multipart.js:588:17)
      at callFinal (internal/streams/writable.js:610:10)
      at processTicksAndRejections (internal/process/task_queues.js:82:21) {
    storageErrors: []
  },
  label: 'Legal Aid Center Website',
  timestamp: 'Aug-09-2024 13:21:13'
}
